seleniumProcess.pid: 10774
10:30:21.579 INFO - Launching a standalone server
Setting system property webdriver.chrome.driver to /Users/intricus/npm-global/lib/node_modules/protractor/selenium/chromedriver
10:30:21.614 INFO - Java: Oracle Corporation 25.20-b23
10:30:21.614 INFO - OS: Mac OS X 10.10 x86_64
10:30:21.621 INFO - v2.45.0, with Core v2.45.0. Built from revision 5017cb8
10:30:21.687 INFO - Default driver org.openqa.selenium.ie.InternetExplorerDriver registration is skipped: registration capabilities Capabilities [{ensureCleanSession=true, browserName=internet explorer, version=, platform=WINDOWS}] does not match with current platform: MAC
10:30:21.718 INFO - RemoteWebDriver instances should connect to: http://127.0.0.1:4444/wd/hub
10:30:21.719 INFO - Version Jetty/5.1.x
10:30:21.720 INFO - Started HttpContext[/selenium-server,/selenium-server]
10:30:21.749 INFO - Started org.openqa.jetty.jetty.servlet.ServletHandler@7e0babb1
10:30:21.749 INFO - Started HttpContext[/wd,/wd]
10:30:21.749 INFO - Started HttpContext[/selenium-server/driver,/selenium-server/driver]
10:30:21.749 INFO - Started HttpContext[/,/]
10:30:21.752 INFO - Started SocketListener on 0.0.0.0:4444
10:30:21.753 INFO - Started org.openqa.jetty.jetty.Server@6e2c634b
Staying alive until the Selenium Standalone process exits
10:30:27.009 INFO - Shutting down...
Selenium Standalone has exited with code 130
seleniumProcess.pid: 10827
10:31:07.940 INFO - Launching a standalone server
Setting system property webdriver.chrome.driver to /Users/intricus/npm-global/lib/node_modules/protractor/selenium/chromedriver
10:31:07.975 INFO - Java: Oracle Corporation 25.20-b23
10:31:07.975 INFO - OS: Mac OS X 10.10 x86_64
10:31:07.983 INFO - v2.45.0, with Core v2.45.0. Built from revision 5017cb8
10:31:08.048 INFO - Default driver org.openqa.selenium.ie.InternetExplorerDriver registration is skipped: registration capabilities Capabilities [{ensureCleanSession=true, browserName=internet explorer, version=, platform=WINDOWS}] does not match with current platform: MAC
10:31:08.079 INFO - RemoteWebDriver instances should connect to: http://127.0.0.1:4444/wd/hub
10:31:08.080 INFO - Version Jetty/5.1.x
10:31:08.081 INFO - Started HttpContext[/selenium-server,/selenium-server]
10:31:08.109 INFO - Started org.openqa.jetty.jetty.servlet.ServletHandler@7e0babb1
10:31:08.109 INFO - Started HttpContext[/wd,/wd]
10:31:08.110 INFO - Started HttpContext[/selenium-server/driver,/selenium-server/driver]
10:31:08.110 INFO - Started HttpContext[/,/]
10:31:08.113 INFO - Started SocketListener on 0.0.0.0:4444
10:31:08.113 INFO - Started org.openqa.jetty.jetty.Server@6e2c634b
Staying alive until the Selenium Standalone process exits
10:31:14.255 INFO - Shutting down...
Selenium Standalone has exited with code 130
